INFO    : Using PreTeXt-CLI version: 2.10.0.  This is the latest available version.

INFO    : PreTeXt project found in `/home/innodems-isdora/Documents/new-pretext-project`.
INFO    : Since no target was supplied, we will use "web".

INFO    : Building target web
INFO    : converting latex-image pictures from /home/innodems-isdora/Documents/new-pretext-project/source/main.ptx to svg graphics for placement in /home/innodems-isdora/Documents/new-pretext-project/generated-assets/latex-image
INFO    : extracting latex-image pictures from /home/innodems-isdora/Documents/new-pretext-project/source/main.ptx
INFO    : string parameters passed to extraction stylesheet: {'publisher': '/home/innodems-isdora/Documents/new-pretext-project/publication/publication.ptx', 'subtree': 'sec-Linear-inequalities'}
INFO    : discovering source file's directory name: /home/innodems-isdora/Documents/new-pretext-project/source
INFO    : verifying and expanding input directory: /home/innodems-isdora/Documents/new-pretext-project/source/../generated-assets
INFO    : input directory expanded to absolute path: /home/innodems-isdora/Documents/new-pretext-project/generated-assets
INFO    : verifying and expanding input directory: /home/innodems-isdora/Documents/new-pretext-project/source/../assets
INFO    : input directory expanded to absolute path: /home/innodems-isdora/Documents/new-pretext-project/assets
INFO    : XSL conversion of /home/innodems-isdora/Documents/new-pretext-project/source/main.ptx by /home/innodems-isdora/.ptx/2.10.0/core/xsl/extract-latex-image.xsl
INFO    : successful application of /home/innodems-isdora/.ptx/2.10.0/core/xsl/extract-latex-image.xsl
INFO    : converting subsec-representation-of-simple-inequalities-4.tex to subsec-representation-of-simple-inequalities-4.pdf
INFO    : cropping subsec-representation-of-simple-inequalities-4.pdf to cropped-subsec-representation-of-simple-inequalities-4.pdf
INFO    : renaming cropped-subsec-representation-of-simple-inequalities-4.pdf to subsec-representation-of-simple-inequalities-4.pdf
INFO    : converting subsec-representation-of-simple-inequalities-4.pdf to subsec-representation-of-simple-inequalities-4.svg
INFO    : converting sec-Linear-inequalities-6-4.tex to sec-Linear-inequalities-6-4.pdf
ERROR   : LaTeX compilation of sec-Linear-inequalities-6-4.tex failed.
Re-run, requesting "source" as the format, to analyze the image.
Likely creating the entire document as PDF will fail similarly.
The transcript of the LaTeX run follows.
INFO    : converting sec-Linear-inequalities-2-2.tex to sec-Linear-inequalities-2-2.pdf
INFO    : cropping sec-Linear-inequalities-2-2.pdf to cropped-sec-Linear-inequalities-2-2.pdf
INFO    : renaming cropped-sec-Linear-inequalities-2-2.pdf to sec-Linear-inequalities-2-2.pdf
INFO    : converting sec-Linear-inequalities-2-2.pdf to sec-Linear-inequalities-2-2.svg
ERROR   : Unable to generate some latex-image assets:
 LaTeX compilation failed for 1 "latex-image"(s).
Review the log for error messages, and LaTeX transcripts.
Images are:
  sec-Linear-inequalities-6-4.tex
INFO    : Removing temporary directory /tmp/ptx-egd_hg_6
INFO    : Preparing to build into /home/innodems-isdora/Documents/new-pretext-project/output/web.
INFO    : XSL conversion of /home/innodems-isdora/Documents/new-pretext-project/source/main.ptx by /home/innodems-isdora/.ptx/2.10.0/core/xsl/utilities/report-publisher-variables.xsl
INFO    : successful application of /home/innodems-isdora/.ptx/2.10.0/core/xsl/utilities/report-publisher-variables.xsl
INFO    : discovering source file's directory name: /home/innodems-isdora/Documents/new-pretext-project/source
INFO    : verifying and expanding input directory: /home/innodems-isdora/Documents/new-pretext-project/source/../generated-assets
INFO    : input directory expanded to absolute path: /home/innodems-isdora/Documents/new-pretext-project/generated-assets
INFO    : verifying and expanding input directory: /home/innodems-isdora/Documents/new-pretext-project/source/../assets
INFO    : input directory expanded to absolute path: /home/innodems-isdora/Documents/new-pretext-project/assets
INFO    : Runestone Services (via PreTeXt repository): version 7.4.4
INFO    : converting /home/innodems-isdora/Documents/new-pretext-project/source/main.ptx to HTML in /tmp/ptx-b6xdd1f7
INFO    : XSL conversion of /home/innodems-isdora/Documents/new-pretext-project/source/main.ptx by /home/innodems-isdora/.ptx/2.10.0/core/xsl/pretext-html.xsl
INFO    : messages from the log for XSL processing:
ERROR   : * PTX:ERROR:      The @xml:id "sec-Squares-and-squareroots.ptx" is invalid.  Use only letters, numbers, hyphens and underscores.
ERROR   : * PTX:ERROR:      The @xml:id "ch-Data-handling-probability.ptx" is invalid.  Use only letters, numbers, hyphens and underscores.
INFO    : successful application of /home/innodems-isdora/.ptx/2.10.0/core/xsl/pretext-html.xsl
INFO    : Removing temporary directory /tmp/ptx-9pl5wjhk
INFO    : Removing temporary directory /tmp/ptx-b6xdd1f7
INFO    : 
Success! Run `pretext view` to see the results.

INFO    : 
----------------------------------------------------
INFO    : While running pretext, the following errors occurred:

INFO    : (see log messages above or in the 'logs' folder for more information)
INFO    : ----------------------------------------------------
