INFO    : Using PreTeXt-CLI version 2.10.0.  The latest stable version available is 2.11.1. Run `pip install pretext --upgrade` to update.

INFO    : PreTeXt project found in `/home/innodems-isdora/Documents/new-pretext-project`.
INFO    : Since no target was supplied, we will use "web".

INFO    : Building target web
INFO    : converting latex-image pictures from /home/innodems-isdora/Documents/new-pretext-project/source/main.ptx to svg graphics for placement in /home/innodems-isdora/Documents/new-pretext-project/generated-assets/latex-image
INFO    : extracting latex-image pictures from /home/innodems-isdora/Documents/new-pretext-project/source/main.ptx
INFO    : string parameters passed to extraction stylesheet: {'publisher': '/home/innodems-isdora/Documents/new-pretext-project/publication/publication.ptx', 'subtree': 'sec-Length'}
INFO    : discovering source file's directory name: /home/innodems-isdora/Documents/new-pretext-project/source
INFO    : verifying and expanding input directory: /home/innodems-isdora/Documents/new-pretext-project/source/../generated-assets
INFO    : input directory expanded to absolute path: /home/innodems-isdora/Documents/new-pretext-project/generated-assets
INFO    : verifying and expanding input directory: /home/innodems-isdora/Documents/new-pretext-project/source/../assets
INFO    : input directory expanded to absolute path: /home/innodems-isdora/Documents/new-pretext-project/assets
INFO    : XSL conversion of /home/innodems-isdora/Documents/new-pretext-project/source/main.ptx by /home/innodems-isdora/.ptx/2.10.0/core/xsl/extract-latex-image.xsl
INFO    : successful application of /home/innodems-isdora/.ptx/2.10.0/core/xsl/extract-latex-image.xsl
INFO    : converting sec-Length-3.tex to sec-Length-3.pdf
INFO    : cropping sec-Length-3.pdf to cropped-sec-Length-3.pdf
INFO    : renaming cropped-sec-Length-3.pdf to sec-Length-3.pdf
INFO    : converting sec-Length-3.pdf to sec-Length-3.svg
INFO    : Removing temporary directory /tmp/ptx-04mih4w0
INFO    : Preparing to build into /home/innodems-isdora/Documents/new-pretext-project/output/web.
INFO    : XSL conversion of /home/innodems-isdora/Documents/new-pretext-project/source/main.ptx by /home/innodems-isdora/.ptx/2.10.0/core/xsl/utilities/report-publisher-variables.xsl
INFO    : successful application of /home/innodems-isdora/.ptx/2.10.0/core/xsl/utilities/report-publisher-variables.xsl
INFO    : discovering source file's directory name: /home/innodems-isdora/Documents/new-pretext-project/source
INFO    : verifying and expanding input directory: /home/innodems-isdora/Documents/new-pretext-project/source/../generated-assets
INFO    : input directory expanded to absolute path: /home/innodems-isdora/Documents/new-pretext-project/generated-assets
INFO    : verifying and expanding input directory: /home/innodems-isdora/Documents/new-pretext-project/source/../assets
INFO    : input directory expanded to absolute path: /home/innodems-isdora/Documents/new-pretext-project/assets
INFO    : Runestone Services (via PreTeXt repository): version 7.4.4
INFO    : Runestone Services (using newer, via online CDN query): version 7.5.0
INFO    : Downloading Runestone Services, version 7.5.0
INFO    : Extracting Runestone Services from archive file
INFO    : converting /home/innodems-isdora/Documents/new-pretext-project/source/main.ptx to HTML in /tmp/ptx-7c_gnqmw
INFO    : XSL conversion of /home/innodems-isdora/Documents/new-pretext-project/source/main.ptx by /home/innodems-isdora/.ptx/2.10.0/core/xsl/pretext-html.xsl
INFO    : messages from the log for XSL processing:
ERROR   : * PTX:ERROR:      The @xml:id "sec-Squares-and-squareroots.ptx" is invalid.  Use only letters, numbers, hyphens and underscores.
ERROR   : * PTX:ERROR:      The @xml:id "ch-Data-handling-probability.ptx" is invalid.  Use only letters, numbers, hyphens and underscores.
INFO    : successful application of /home/innodems-isdora/.ptx/2.10.0/core/xsl/pretext-html.xsl
INFO    : Removing temporary directory /tmp/ptx-2c_6kfo2
INFO    : Removing temporary directory /tmp/ptx-7c_gnqmw
INFO    : 
Success! Run `pretext view` to see the results.

INFO    : 
----------------------------------------------------
INFO    : While running pretext, the following errors occurred:

INFO    : (see log messages above or in the 'logs' folder for more information)
INFO    : ----------------------------------------------------
