INFO    : Using PreTeXt-CLI version 2.10.0.  The latest stable version available is 2.10.1. Run `pip install pretext --upgrade` to update.

INFO    : PreTeXt project found in `/home/innodems-isdora/Documents/new-pretext-project`.
INFO    : Since no target was supplied, we will use "web".

INFO    : Building target web
INFO    : Preparing to build into /home/innodems-isdora/Documents/new-pretext-project/output/web.
INFO    : XSL conversion of /home/innodems-isdora/Documents/new-pretext-project/source/main.ptx by /home/innodems-isdora/.ptx/2.10.0/core/xsl/utilities/report-publisher-variables.xsl
INFO    : successful application of /home/innodems-isdora/.ptx/2.10.0/core/xsl/utilities/report-publisher-variables.xsl
INFO    : discovering source file's directory name: /home/innodems-isdora/Documents/new-pretext-project/source
INFO    : verifying and expanding input directory: /home/innodems-isdora/Documents/new-pretext-project/source/../generated-assets
INFO    : input directory expanded to absolute path: /home/innodems-isdora/Documents/new-pretext-project/generated-assets
INFO    : verifying and expanding input directory: /home/innodems-isdora/Documents/new-pretext-project/source/../assets
INFO    : input directory expanded to absolute path: /home/innodems-isdora/Documents/new-pretext-project/assets
INFO    : Runestone Services (via PreTeXt repository): version 7.4.4
INFO    : Runestone Services (using newer, via online CDN query): version 7.4.7
INFO    : Downloading Runestone Services, version 7.4.7
WARNING : There was a network problem while trying to download "https://runestone.academy/cdn/runestone/dist-7.4.7.tgz"
and the reported problem is:
HTTPSConnectionPool(host='runestone.academy', port=443): Read timed out.
WARNING : Failed to download all Runestone Services files - will rely on links to web resources
INFO    : converting /home/innodems-isdora/Documents/new-pretext-project/source/main.ptx to HTML in /tmp/ptx-l704vnp9
INFO    : XSL conversion of /home/innodems-isdora/Documents/new-pretext-project/source/main.ptx by /home/innodems-isdora/.ptx/2.10.0/core/xsl/pretext-html.xsl
INFO    : messages from the log for XSL processing:
ERROR   : * PTX:ERROR:      The @xml:id "sec-Squares-and-square-roots.ptx" is invalid.  Use only letters, numbers, hyphens and underscores.
INFO    : successful application of /home/innodems-isdora/.ptx/2.10.0/core/xsl/pretext-html.xsl
INFO    : Removing temporary directory /tmp/ptx-23r3q0qn
INFO    : Removing temporary directory /tmp/ptx-l704vnp9
INFO    : 
Success! Run `pretext view` to see the results.

INFO    : 
----------------------------------------------------
INFO    : While running pretext, the following errors occurred:

INFO    : (see log messages above or in the 'logs' folder for more information)
INFO    : ----------------------------------------------------
