INFO    : Using PreTeXt-CLI version: 2.10.0.  This is the latest available version.

INFO    : PreTeXt project found in `/home/innodems-isdora/Documents/new-pretext-project`.
INFO    : Since no target was supplied, we will use "web".

INFO    : Building target web
INFO    : converting latex-image pictures from /home/innodems-isdora/Documents/new-pretext-project/source/main.ptx to svg graphics for placement in /home/innodems-isdora/Documents/new-pretext-project/generated-assets/latex-image
INFO    : extracting latex-image pictures from /home/innodems-isdora/Documents/new-pretext-project/source/main.ptx
INFO    : string parameters passed to extraction stylesheet: {'publisher': '/home/innodems-isdora/Documents/new-pretext-project/publication/publication.ptx', 'subtree': 'sec-section-name'}
INFO    : discovering source file's directory name: /home/innodems-isdora/Documents/new-pretext-project/source
INFO    : verifying and expanding input directory: /home/innodems-isdora/Documents/new-pretext-project/source/../generated-assets
INFO    : input directory expanded to absolute path: /home/innodems-isdora/Documents/new-pretext-project/generated-assets
INFO    : verifying and expanding input directory: /home/innodems-isdora/Documents/new-pretext-project/source/../assets
INFO    : input directory expanded to absolute path: /home/innodems-isdora/Documents/new-pretext-project/assets
INFO    : XSL conversion of /home/innodems-isdora/Documents/new-pretext-project/source/main.ptx by /home/innodems-isdora/.ptx/2.10.0/core/xsl/extract-latex-image.xsl
INFO    : messages from the log for XSL processing:
ERROR   : * PTX:ERROR: the @xml:id value "sec-section-name" should be unique, but is authored 3 times.
INFO    : *            Results will be unpredictable, and likely incorrect.  Information on the locations follows:
INFO    : *              located within: "sec-section-name" (xml:id), "Algebraic Expressions " (title)
INFO    : *              located within: "sec-section-name" (xml:id), "Linear Expressions " (title)
INFO    : *              located within: "sec-section-name" (xml:id), "Linear inequalities " (title)
INFO    : successful application of /home/innodems-isdora/.ptx/2.10.0/core/xsl/extract-latex-image.xsl
INFO    : Removing temporary directory /tmp/ptx-5ss0py1v
INFO    : Preparing to build into /home/innodems-isdora/Documents/new-pretext-project/output/web.
INFO    : XSL conversion of /home/innodems-isdora/Documents/new-pretext-project/source/main.ptx by /home/innodems-isdora/.ptx/2.10.0/core/xsl/utilities/report-publisher-variables.xsl
INFO    : messages from the log for XSL processing:
ERROR   : * PTX:ERROR: the @xml:id value "sec-section-name" should be unique, but is authored 3 times.
INFO    : *            Results will be unpredictable, and likely incorrect.  Information on the locations follows:
INFO    : successful application of /home/innodems-isdora/.ptx/2.10.0/core/xsl/utilities/report-publisher-variables.xsl
INFO    : discovering source file's directory name: /home/innodems-isdora/Documents/new-pretext-project/source
INFO    : verifying and expanding input directory: /home/innodems-isdora/Documents/new-pretext-project/source/../generated-assets
INFO    : input directory expanded to absolute path: /home/innodems-isdora/Documents/new-pretext-project/generated-assets
INFO    : verifying and expanding input directory: /home/innodems-isdora/Documents/new-pretext-project/source/../assets
INFO    : input directory expanded to absolute path: /home/innodems-isdora/Documents/new-pretext-project/assets
INFO    : Runestone Services (via PreTeXt repository): version 7.4.4
INFO    : converting /home/innodems-isdora/Documents/new-pretext-project/source/main.ptx to HTML in /tmp/ptx-_bxqn2_v
INFO    : XSL conversion of /home/innodems-isdora/Documents/new-pretext-project/source/main.ptx by /home/innodems-isdora/.ptx/2.10.0/core/xsl/pretext-html.xsl
INFO    : messages from the log for XSL processing:
ERROR   : * PTX:ERROR: the @xml:id value "sec-section-name" should be unique, but is authored 3 times.
INFO    : *            Results will be unpredictable, and likely incorrect.  Information on the locations follows:
INFO    : *              located within: "sec-section-name" (xml:id), "Algebraic Expressions " (title)
INFO    : *              located within: "sec-section-name" (xml:id), "Linear Expressions " (title)
INFO    : *              located within: "sec-section-name" (xml:id), "Linear inequalities " (title)
ERROR   : * PTX:ERROR:      The @xml:id "sec-Squares-and-square-roots.ptx" is invalid.  Use only letters, numbers, hyphens and underscores.
ERROR   : * PTX:ERROR:      The @xml:id "ch-Data-handling-and-probability.ptx" is invalid.  Use only letters, numbers, hyphens and underscores.
INFO    : successful application of /home/innodems-isdora/.ptx/2.10.0/core/xsl/pretext-html.xsl
INFO    : Removing temporary directory /tmp/ptx-x6cydtyr
INFO    : Removing temporary directory /tmp/ptx-_bxqn2_v
INFO    : 
Success! Run `pretext view` to see the results.

INFO    : 
----------------------------------------------------
INFO    : While running pretext, the following errors occurred:

INFO    : (see log messages above or in the 'logs' folder for more information)
INFO    : ----------------------------------------------------
