INFO    : Using PreTeXt-CLI version: 2.10.0.  This is the latest available version.

INFO    : PreTeXt project found in `/home/innodems-isdora/Documents/new-pretext-project`.
INFO    : Since no target was supplied, we will use "web".

INFO    : Building target web
ERROR   : XInclude Error caused build to fail:
ERROR   : /home/innodems-isdora/Documents/new-pretext-project/source/sec-Linear-inequalities.ptx:34:48:FATAL:PARSER:ERR_ATTRIBUTE_WITHOUT_VALUE: Specification mandates value for attribute medium
/home/innodems-isdora/Documents/new-pretext-project/source/sec-Linear-inequalities.ptx:34:48:FATAL:PARSER:ERR_SPACE_REQUIRED: attributes construct error
/home/innodems-isdora/Documents/new-pretext-project/source/sec-Linear-inequalities.ptx:34:48:FATAL:PARSER:ERR_GT_REQUIRED: Couldn't find end of Start Tag tabular line 34
/home/innodems-isdora/Documents/new-pretext-project/source/sec-Linear-inequalities.ptx:62:13:FATAL:PARSER:ERR_TAG_NAME_MISMATCH: Opening and ending tag mismatch: table line 32 and tabular
/home/innodems-isdora/Documents/new-pretext-project/source/sec-Linear-inequalities.ptx:63:11:FATAL:PARSER:ERR_TAG_NAME_MISMATCH: Opening and ending tag mismatch: activity line 25 and table
/home/innodems-isdora/Documents/new-pretext-project/source/sec-Linear-inequalities.ptx:65:12:FATAL:PARSER:ERR_TAG_NAME_MISMATCH: Opening and ending tag mismatch: section line 3 and activity
/home/innodems-isdora/Documents/new-pretext-project/source/ch-Algebra.ptx:17:0:ERROR:XINCLUDE:XINCLUDE_NO_FALLBACK: could not load /home/innodems-isdora/Documents/new-pretext-project/source/sec-Linear-inequalities.ptx, and no fallback was found
CRITICAL: XML syntax for source file is invalid
INFO    : ------------------------
CRITICAL: Failed to build.  Exiting...
INFO    : 
----------------------------------------------------
INFO    : While running pretext, the following errors occurred:

INFO    : (see log messages above or in the 'logs' folder for more information)
INFO    : ----------------------------------------------------
