INFO    : Using PreTeXt-CLI version: 2.10.0.  This is the latest available version.

INFO    : PreTeXt project found in `/home/innodems-isdora/Documents/new-pretext-project`.
INFO    : Since no target was supplied, we will use "web".

INFO    : Building target web
INFO    : Preparing to build into /home/innodems-isdora/Documents/new-pretext-project/output/web.
INFO    : XSL conversion of /home/innodems-isdora/Documents/new-pretext-project/source/main.ptx by /home/innodems-isdora/.ptx/2.10.0/core/xsl/utilities/report-publisher-variables.xsl
INFO    : successful application of /home/innodems-isdora/.ptx/2.10.0/core/xsl/utilities/report-publisher-variables.xsl
INFO    : discovering source file's directory name: /home/innodems-isdora/Documents/new-pretext-project/source
INFO    : verifying and expanding input directory: /home/innodems-isdora/Documents/new-pretext-project/source/../generated-assets
INFO    : input directory expanded to absolute path: /home/innodems-isdora/Documents/new-pretext-project/generated-assets
INFO    : verifying and expanding input directory: /home/innodems-isdora/Documents/new-pretext-project/source/../assets
INFO    : input directory expanded to absolute path: /home/innodems-isdora/Documents/new-pretext-project/assets
INFO    : Runestone Services (via PreTeXt repository): version 7.4.4
INFO    : Runestone Services (using newer, via online CDN query): version 7.4.7
INFO    : Downloading Runestone Services, version 7.4.7
INFO    : Extracting Runestone Services from archive file
INFO    : converting /home/innodems-isdora/Documents/new-pretext-project/source/main.ptx to HTML in /tmp/ptx-mrpssadq
INFO    : XSL conversion of /home/innodems-isdora/Documents/new-pretext-project/source/main.ptx by /home/innodems-isdora/.ptx/2.10.0/core/xsl/pretext-html.xsl
INFO    : successful application of /home/innodems-isdora/.ptx/2.10.0/core/xsl/pretext-html.xsl
INFO    : Removing temporary directory /tmp/ptx-wokm6ku_
INFO    : Removing temporary directory /tmp/ptx-mrpssadq
INFO    : 
Success! Run `pretext view` to see the results.

INFO    : 
