INFO    : Using PreTeXt-CLI version 2.11.0.  The latest stable version available is 2.11.3. Run `pretext upgrade` to update.

INFO    : PreTeXt project found in `/home/innodems-isdora/Documents/new-pretext-project`.
WARNING : Using CLI version 2.11.0 but project's `requirements.txt`
WARNING : is configured to use 2.10.0. Consider either installing
WARNING : CLI version 2.10.0 or running `pretext init --refresh`
WARNING : to update `requirements.txt` to match 2.11.0.
INFO    : Since no target was supplied, we will use "web".

INFO    : Building target web
INFO    : converting latex-image pictures from /home/innodems-isdora/Documents/new-pretext-project/source/main.ptx to svg graphics for placement in /home/innodems-isdora/Documents/new-pretext-project/generated-assets/latex-image
INFO    : extracting latex-image pictures from /home/innodems-isdora/Documents/new-pretext-project/source/main.ptx
INFO    : string parameters passed to extraction stylesheet: {'publisher': '/home/innodems-isdora/Documents/new-pretext-project/publication/publication.ptx', 'subtree': 'sec-Angles'}
INFO    : discovering source file's directory name: /home/innodems-isdora/Documents/new-pretext-project/source
INFO    : verifying and expanding input directory: /home/innodems-isdora/Documents/new-pretext-project/source/../generated-assets
INFO    : input directory expanded to absolute path: /home/innodems-isdora/Documents/new-pretext-project/generated-assets
INFO    : verifying and expanding input directory: /home/innodems-isdora/Documents/new-pretext-project/source/../assets
INFO    : input directory expanded to absolute path: /home/innodems-isdora/Documents/new-pretext-project/assets
INFO    : XSL conversion of /home/innodems-isdora/Documents/new-pretext-project/source/main.ptx by /home/innodems-isdora/.ptx/2.11.0/core/xsl/extract-latex-image.xsl
INFO    : messages from the log for XSL processing:
INFO    : * PTX:INFO:   checking ONLY the last TWO YEARS of element deprecations.
Rerun with the string parameter "author.deprecations.all" set to "yes" to check your source against all deprecations.
INFO    : successful application of /home/innodems-isdora/.ptx/2.11.0/core/xsl/extract-latex-image.xsl
INFO    : converting sec-Angles-2-2.tex to sec-Angles-2-2.pdf
ERROR   : LaTeX compilation of sec-Angles-2-2.tex failed.
Re-run, requesting "source" as the format, to analyze the image.
Likely creating the entire document as PDF will fail similarly.
The transcript of the LaTeX run follows.
ERROR   : Unable to generate some latex-image assets:
 LaTeX compilation failed for 1 "latex-image"(s).
Review the log for error messages, and LaTeX transcripts.
Images are:
  sec-Angles-2-2.tex
INFO    : Removing temporary directory /tmp/ptx-05yp297_
INFO    : Preparing to build into /home/innodems-isdora/Documents/new-pretext-project/output/web.
INFO    : XSL conversion of /home/innodems-isdora/Documents/new-pretext-project/source/main.ptx by /home/innodems-isdora/.ptx/2.11.0/core/xsl/utilities/report-publisher-variables.xsl
INFO    : successful application of /home/innodems-isdora/.ptx/2.11.0/core/xsl/utilities/report-publisher-variables.xsl
INFO    : discovering source file's directory name: /home/innodems-isdora/Documents/new-pretext-project/source
INFO    : verifying and expanding input directory: /home/innodems-isdora/Documents/new-pretext-project/source/../generated-assets
INFO    : input directory expanded to absolute path: /home/innodems-isdora/Documents/new-pretext-project/generated-assets
INFO    : verifying and expanding input directory: /home/innodems-isdora/Documents/new-pretext-project/source/../assets
INFO    : input directory expanded to absolute path: /home/innodems-isdora/Documents/new-pretext-project/assets
INFO    : Runestone Services via online CDN query: version 7.5.1
INFO    : Downloading Runestone Services, version 7.5.1
INFO    : Extracting Runestone Services from archive file
INFO    : XSL conversion of /home/innodems-isdora/Documents/new-pretext-project/source/main.ptx by /home/innodems-isdora/.ptx/2.11.0/core/xsl/utilities/report-publisher-variables.xsl
INFO    : successful application of /home/innodems-isdora/.ptx/2.11.0/core/xsl/utilities/report-publisher-variables.xsl
INFO    : XSL conversion of /home/innodems-isdora/Documents/new-pretext-project/source/main.ptx by /home/innodems-isdora/.ptx/2.11.0/core/xsl/utilities/report-publisher-variables.xsl
INFO    : successful application of /home/innodems-isdora/.ptx/2.11.0/core/xsl/utilities/report-publisher-variables.xsl
INFO    : converting /home/innodems-isdora/Documents/new-pretext-project/source/main.ptx to HTML in /tmp/ptx-ckcgg4_v
INFO    : XSL conversion of /home/innodems-isdora/Documents/new-pretext-project/source/main.ptx by /home/innodems-isdora/.ptx/2.11.0/core/xsl/pretext-html.xsl
INFO    : messages from the log for XSL processing:
INFO    : * PTX:INFO:   checking ONLY the last TWO YEARS of element deprecations.
Rerun with the string parameter "author.deprecations.all" set to "yes" to check your source against all deprecations.
ERROR   : * PTX:ERROR:      The @xml:id "sec-Squares-and-squareroots.ptx" is invalid.  Use only letters, numbers, hyphens and underscores.
ERROR   : * PTX:ERROR:      The @xml:id "ch-Data-handling-probability.ptx" is invalid.  Use only letters, numbers, hyphens and underscores.
INFO    : successful application of /home/innodems-isdora/.ptx/2.11.0/core/xsl/pretext-html.xsl
INFO    : Removing temporary directory /tmp/ptx-z0quy_5c
INFO    : Removing temporary directory /tmp/ptx-ckcgg4_v
INFO    : Removing temporary directory /tmp/ptx-po5vidjg
INFO    : Removing temporary directory /tmp/ptx-mf6y53gb
INFO    : 
Success! Run `pretext view` to see the results.

INFO    : 
----------------------------------------------------
INFO    : While running pretext, the following errors occurred:

INFO    : (see log messages above or in the 'logs' folder for more information)
INFO    : ----------------------------------------------------
