INFO    : Using PreTeXt-CLI version: 2.11.4.  This is the latest available version.

INFO    : PreTeXt project found in `/home/innodems-isdora/Documents/new-pretext-project`.
WARNING : Using CLI version 2.11.4 but project's `requirements.txt`
WARNING : is configured to use 2.10.0. Consider either installing
WARNING : CLI version 2.10.0 or running `pretext init --refresh`
WARNING : to update `requirements.txt` to match 2.11.4.
INFO    : Since no target was supplied, we will use "web".

INFO    : Building target web
INFO    : converting latex-image pictures from /home/innodems-isdora/Documents/new-pretext-project/source/main.ptx to svg graphics for placement in /home/innodems-isdora/Documents/new-pretext-project/generated-assets/latex-image
INFO    : extracting latex-image pictures from /home/innodems-isdora/Documents/new-pretext-project/source/main.ptx
INFO    : string parameters passed to extraction stylesheet: {'publisher': '/home/innodems-isdora/Documents/new-pretext-project/publication/publication.ptx', 'subtree': 'subsec-Angles-in-a-straightline'}
INFO    : discovering source file's directory name: /home/innodems-isdora/Documents/new-pretext-project/source
INFO    : verifying and expanding input directory: /home/innodems-isdora/Documents/new-pretext-project/source/../generated-assets
INFO    : input directory expanded to absolute path: /home/innodems-isdora/Documents/new-pretext-project/generated-assets
INFO    : verifying and expanding input directory: /home/innodems-isdora/Documents/new-pretext-project/source/../assets
INFO    : input directory expanded to absolute path: /home/innodems-isdora/Documents/new-pretext-project/assets
INFO    : XSL conversion of /home/innodems-isdora/Documents/new-pretext-project/source/main.ptx by /home/innodems-isdora/.ptx/2.11.4/core/xsl/extract-latex-image.xsl
INFO    : messages from the log for XSL processing:
INFO    : * PTX:INFO:   checking ONLY the last TWO YEARS of element deprecations.
Rerun with the string parameter "author.deprecations.all" set to "yes" to check your source against all deprecations.
INFO    : successful application of /home/innodems-isdora/.ptx/2.11.4/core/xsl/extract-latex-image.xsl
INFO    : converting subsec-Angles-in-a-straightline-2.tex to subsec-Angles-in-a-straightline-2.pdf
INFO    : cropping subsec-Angles-in-a-straightline-2.pdf to cropped-subsec-Angles-in-a-straightline-2.pdf
INFO    : renaming cropped-subsec-Angles-in-a-straightline-2.pdf to subsec-Angles-in-a-straightline-2.pdf
INFO    : converting subsec-Angles-in-a-straightline-2.pdf to subsec-Angles-in-a-straightline-2.svg
INFO    : converting latex-image pictures from /home/innodems-isdora/Documents/new-pretext-project/source/main.ptx to svg graphics for placement in /home/innodems-isdora/Documents/new-pretext-project/generated-assets/latex-image
INFO    : extracting latex-image pictures from /home/innodems-isdora/Documents/new-pretext-project/source/main.ptx
INFO    : string parameters passed to extraction stylesheet: {'publisher': '/home/innodems-isdora/Documents/new-pretext-project/publication/publication.ptx', 'subtree': 'subsec-Angles-at-a-point'}
INFO    : discovering source file's directory name: /home/innodems-isdora/Documents/new-pretext-project/source
INFO    : verifying and expanding input directory: /home/innodems-isdora/Documents/new-pretext-project/source/../generated-assets
INFO    : input directory expanded to absolute path: /home/innodems-isdora/Documents/new-pretext-project/generated-assets
INFO    : verifying and expanding input directory: /home/innodems-isdora/Documents/new-pretext-project/source/../assets
INFO    : input directory expanded to absolute path: /home/innodems-isdora/Documents/new-pretext-project/assets
INFO    : XSL conversion of /home/innodems-isdora/Documents/new-pretext-project/source/main.ptx by /home/innodems-isdora/.ptx/2.11.4/core/xsl/extract-latex-image.xsl
INFO    : messages from the log for XSL processing:
INFO    : * PTX:INFO:   checking ONLY the last TWO YEARS of element deprecations.
Rerun with the string parameter "author.deprecations.all" set to "yes" to check your source against all deprecations.
INFO    : successful application of /home/innodems-isdora/.ptx/2.11.4/core/xsl/extract-latex-image.xsl
INFO    : converting subsec-Angles-at-a-point-2-2.tex to subsec-Angles-at-a-point-2-2.pdf
INFO    : cropping subsec-Angles-at-a-point-2-2.pdf to cropped-subsec-Angles-at-a-point-2-2.pdf
INFO    : renaming cropped-subsec-Angles-at-a-point-2-2.pdf to subsec-Angles-at-a-point-2-2.pdf
INFO    : converting subsec-Angles-at-a-point-2-2.pdf to subsec-Angles-at-a-point-2-2.svg
INFO    : converting latex-image pictures from /home/innodems-isdora/Documents/new-pretext-project/source/main.ptx to svg graphics for placement in /home/innodems-isdora/Documents/new-pretext-project/generated-assets/latex-image
INFO    : extracting latex-image pictures from /home/innodems-isdora/Documents/new-pretext-project/source/main.ptx
INFO    : string parameters passed to extraction stylesheet: {'publisher': '/home/innodems-isdora/Documents/new-pretext-project/publication/publication.ptx', 'subtree': 'subsubsec-Alternate-angles'}
INFO    : discovering source file's directory name: /home/innodems-isdora/Documents/new-pretext-project/source
INFO    : verifying and expanding input directory: /home/innodems-isdora/Documents/new-pretext-project/source/../generated-assets
INFO    : input directory expanded to absolute path: /home/innodems-isdora/Documents/new-pretext-project/generated-assets
INFO    : verifying and expanding input directory: /home/innodems-isdora/Documents/new-pretext-project/source/../assets
INFO    : input directory expanded to absolute path: /home/innodems-isdora/Documents/new-pretext-project/assets
INFO    : XSL conversion of /home/innodems-isdora/Documents/new-pretext-project/source/main.ptx by /home/innodems-isdora/.ptx/2.11.4/core/xsl/extract-latex-image.xsl
INFO    : messages from the log for XSL processing:
INFO    : * PTX:INFO:   checking ONLY the last TWO YEARS of element deprecations.
Rerun with the string parameter "author.deprecations.all" set to "yes" to check your source against all deprecations.
INFO    : successful application of /home/innodems-isdora/.ptx/2.11.4/core/xsl/extract-latex-image.xsl
INFO    : converting subsubsec-Alternate-angles-3.tex to subsubsec-Alternate-angles-3.pdf
INFO    : cropping subsubsec-Alternate-angles-3.pdf to cropped-subsubsec-Alternate-angles-3.pdf
INFO    : renaming cropped-subsubsec-Alternate-angles-3.pdf to subsubsec-Alternate-angles-3.pdf
INFO    : converting subsubsec-Alternate-angles-3.pdf to subsubsec-Alternate-angles-3.svg
INFO    : converting latex-image pictures from /home/innodems-isdora/Documents/new-pretext-project/source/main.ptx to svg graphics for placement in /home/innodems-isdora/Documents/new-pretext-project/generated-assets/latex-image
INFO    : extracting latex-image pictures from /home/innodems-isdora/Documents/new-pretext-project/source/main.ptx
INFO    : string parameters passed to extraction stylesheet: {'publisher': '/home/innodems-isdora/Documents/new-pretext-project/publication/publication.ptx', 'subtree': 'subsubsec-Corresponding-angles'}
INFO    : discovering source file's directory name: /home/innodems-isdora/Documents/new-pretext-project/source
INFO    : verifying and expanding input directory: /home/innodems-isdora/Documents/new-pretext-project/source/../generated-assets
INFO    : input directory expanded to absolute path: /home/innodems-isdora/Documents/new-pretext-project/generated-assets
INFO    : verifying and expanding input directory: /home/innodems-isdora/Documents/new-pretext-project/source/../assets
INFO    : input directory expanded to absolute path: /home/innodems-isdora/Documents/new-pretext-project/assets
INFO    : XSL conversion of /home/innodems-isdora/Documents/new-pretext-project/source/main.ptx by /home/innodems-isdora/.ptx/2.11.4/core/xsl/extract-latex-image.xsl
INFO    : messages from the log for XSL processing:
INFO    : * PTX:INFO:   checking ONLY the last TWO YEARS of element deprecations.
Rerun with the string parameter "author.deprecations.all" set to "yes" to check your source against all deprecations.
INFO    : successful application of /home/innodems-isdora/.ptx/2.11.4/core/xsl/extract-latex-image.xsl
INFO    : converting subsubsec-Corresponding-angles-2-4.tex to subsubsec-Corresponding-angles-2-4.pdf
INFO    : cropping subsubsec-Corresponding-angles-2-4.pdf to cropped-subsubsec-Corresponding-angles-2-4.pdf
INFO    : renaming cropped-subsubsec-Corresponding-angles-2-4.pdf to subsubsec-Corresponding-angles-2-4.pdf
INFO    : converting subsubsec-Corresponding-angles-2-4.pdf to subsubsec-Corresponding-angles-2-4.svg
INFO    : converting subsubsec-Corresponding-angles-3-2.tex to subsubsec-Corresponding-angles-3-2.pdf
INFO    : cropping subsubsec-Corresponding-angles-3-2.pdf to cropped-subsubsec-Corresponding-angles-3-2.pdf
INFO    : renaming cropped-subsubsec-Corresponding-angles-3-2.pdf to subsubsec-Corresponding-angles-3-2.pdf
INFO    : converting subsubsec-Corresponding-angles-3-2.pdf to subsubsec-Corresponding-angles-3-2.svg
INFO    : converting latex-image pictures from /home/innodems-isdora/Documents/new-pretext-project/source/main.ptx to svg graphics for placement in /home/innodems-isdora/Documents/new-pretext-project/generated-assets/latex-image
INFO    : extracting latex-image pictures from /home/innodems-isdora/Documents/new-pretext-project/source/main.ptx
INFO    : string parameters passed to extraction stylesheet: {'publisher': '/home/innodems-isdora/Documents/new-pretext-project/publication/publication.ptx', 'subtree': 'subsubsec-Co-interior-angle'}
INFO    : discovering source file's directory name: /home/innodems-isdora/Documents/new-pretext-project/source
INFO    : verifying and expanding input directory: /home/innodems-isdora/Documents/new-pretext-project/source/../generated-assets
INFO    : input directory expanded to absolute path: /home/innodems-isdora/Documents/new-pretext-project/generated-assets
INFO    : verifying and expanding input directory: /home/innodems-isdora/Documents/new-pretext-project/source/../assets
INFO    : input directory expanded to absolute path: /home/innodems-isdora/Documents/new-pretext-project/assets
INFO    : XSL conversion of /home/innodems-isdora/Documents/new-pretext-project/source/main.ptx by /home/innodems-isdora/.ptx/2.11.4/core/xsl/extract-latex-image.xsl
INFO    : messages from the log for XSL processing:
INFO    : * PTX:INFO:   checking ONLY the last TWO YEARS of element deprecations.
Rerun with the string parameter "author.deprecations.all" set to "yes" to check your source against all deprecations.
INFO    : successful application of /home/innodems-isdora/.ptx/2.11.4/core/xsl/extract-latex-image.xsl
INFO    : converting subsubsec-Co-interior-angle-3-2.tex to subsubsec-Co-interior-angle-3-2.pdf
INFO    : cropping subsubsec-Co-interior-angle-3-2.pdf to cropped-subsubsec-Co-interior-angle-3-2.pdf
INFO    : renaming cropped-subsubsec-Co-interior-angle-3-2.pdf to subsubsec-Co-interior-angle-3-2.pdf
INFO    : converting subsubsec-Co-interior-angle-3-2.pdf to subsubsec-Co-interior-angle-3-2.svg
INFO    : converting subsubsec-Co-interior-angle-2-4.tex to subsubsec-Co-interior-angle-2-4.pdf
INFO    : cropping subsubsec-Co-interior-angle-2-4.pdf to cropped-subsubsec-Co-interior-angle-2-4.pdf
INFO    : renaming cropped-subsubsec-Co-interior-angle-2-4.pdf to subsubsec-Co-interior-angle-2-4.pdf
INFO    : converting subsubsec-Co-interior-angle-2-4.pdf to subsubsec-Co-interior-angle-2-4.svg
INFO    : Removing temporary directory /tmp/ptx-ewwe735x
INFO    : Removing temporary directory /tmp/ptx-ut730k8b
INFO    : Removing temporary directory /tmp/ptx-y0o7z7jp
INFO    : Removing temporary directory /tmp/ptx-oadurfyf
INFO    : Removing temporary directory /tmp/ptx-5idkripk
INFO    : Preparing to build into /home/innodems-isdora/Documents/new-pretext-project/output/web.
INFO    : XSL conversion of /home/innodems-isdora/Documents/new-pretext-project/source/main.ptx by /home/innodems-isdora/.ptx/2.11.4/core/xsl/utilities/report-publisher-variables.xsl
INFO    : successful application of /home/innodems-isdora/.ptx/2.11.4/core/xsl/utilities/report-publisher-variables.xsl
INFO    : discovering source file's directory name: /home/innodems-isdora/Documents/new-pretext-project/source
INFO    : verifying and expanding input directory: /home/innodems-isdora/Documents/new-pretext-project/source/../generated-assets
INFO    : input directory expanded to absolute path: /home/innodems-isdora/Documents/new-pretext-project/generated-assets
INFO    : verifying and expanding input directory: /home/innodems-isdora/Documents/new-pretext-project/source/../assets
INFO    : input directory expanded to absolute path: /home/innodems-isdora/Documents/new-pretext-project/assets
INFO    : Runestone Services via online CDN query: version 7.5.1
INFO    : Downloading Runestone Services, version 7.5.1
INFO    : Extracting Runestone Services from archive file
INFO    : converting /home/innodems-isdora/Documents/new-pretext-project/source/main.ptx to HTML in /tmp/ptx-5ar5o6dr
INFO    : XSL conversion of /home/innodems-isdora/Documents/new-pretext-project/source/main.ptx by /home/innodems-isdora/.ptx/2.11.4/core/xsl/pretext-html.xsl
INFO    : messages from the log for XSL processing:
INFO    : * PTX:INFO:   checking ONLY the last TWO YEARS of element deprecations.
Rerun with the string parameter "author.deprecations.all" set to "yes" to check your source against all deprecations.
INFO    : successful application of /home/innodems-isdora/.ptx/2.11.4/core/xsl/pretext-html.xsl
INFO    : Removing temporary directory /tmp/ptx-7wsinzmg
INFO    : Removing temporary directory /tmp/ptx-5ar5o6dr
INFO    : 
Success! Run `pretext view` to see the results.

INFO    : 
