INFO    : Using PreTeXt-CLI version: 2.11.4.  This is the latest available version.

INFO    : PreTeXt project found in `/home/innodems-isdora/Documents/new-pretext-project`.
WARNING : Using CLI version 2.11.4 but project's `requirements.txt`
WARNING : is configured to use 2.10.0. Consider either installing
WARNING : CLI version 2.10.0 or running `pretext init --refresh`
WARNING : to update `requirements.txt` to match 2.11.4.
INFO    : Since no target was supplied, we will use "web".

INFO    : Now preparing local server to preview your project directory `/home/innodems-isdora/Documents/new-pretext-project`.
INFO    :   (Reminder: use `pretext deploy` to deploy your built project to a public
INFO    :   GitHub Pages site that can be shared with readers who cannot access your
INFO    :   personal computer.)
INFO    : 
INFO    : starting server ...
INFO    : setting up ...
INFO    : values set...
WARNING : Port 8128 could not be used.
WARNING : Trying port 8129 instead.

INFO    : adding server entry
INFO    : Added server entry 40be2cde14 33203 8129 localhost

INFO    : Starting the server
INFO    : Server will soon be available at http://localhost:8129
INFO    : Opening browser for target `web` at http://localhost:8129/output/web
INFO    : Stopping server.
INFO    : 
